<?xml version="1.0" encoding="UTF-8"?>
<testng-results ignored="0" total="1" passed="1" failed="0" skipped="0">
  <reporter-output>
  </reporter-output>
  <suite started-at="2023-06-30T12:35:10 IST" name="Default suite" finished-at="2023-06-30T12:36:15 IST" duration-ms="65248">
    <groups>
      <group name="cucumber">
        <method signature="AbstractTestNGCucumberTests.runScenario(io.cucumber.testng.PickleWrapper, io.cucumber.testng.FeatureWrapper)[pri:0, instance:Runner.TestApplication@6bd61f98]" name="runScenario" class="io.cucumber.testng.AbstractTestNGCucumberTests"/>
      </group> <!-- cucumber -->
    </groups>
    <test started-at="2023-06-30T12:35:10 IST" name="Default test" finished-at="2023-06-30T12:36:15 IST" duration-ms="65248">
      <class name="Runner.TestApplication">
        <test-method is-config="true" signature="setUpClass()[pri:0, instance:Runner.TestApplication@6bd61f98]" started-at="2023-06-30T12:35:10 IST" name="setUpClass" finished-at="2023-06-30T12:35:12 IST" duration-ms="2369" status="PASS">
          <reporter-output>
          </reporter-output>
        </test-method> <!-- setUpClass -->
        <test-method signature="runScenario(io.cucumber.testng.PickleWrapper, io.cucumber.testng.FeatureWrapper)[pri:0, instance:Runner.TestApplication@6bd61f98]" started-at="2023-06-30T12:35:12 IST" name="runScenario" description="Runs Cucumber Scenarios" data-provider="scenarios" finished-at="2023-06-30T12:36:03 IST" duration-ms="50536" status="PASS">
          <params>
            <param index="0">
              <value>
                <![CDATA["Functional Testing -Checking if a single transfer transaction could be done for a non approved modified account when"Proceed on Modified account” flag is checked"]]>
              </value>
            </param>
            <param index="1">
              <value>
                <![CDATA["Optional[To check the functionalitites of TransactionStaffAccounts request]"]]>
              </value>
            </param>
          </params>
          <reporter-output>
          </reporter-output>
        </test-method> <!-- runScenario -->
        <test-method is-config="true" signature="tearDownClass()[pri:0, instance:Runner.TestApplication@6bd61f98]" started-at="2023-06-30T12:36:03 IST" name="tearDownClass" finished-at="2023-06-30T12:36:15 IST" duration-ms="12266" status="PASS">
          <reporter-output>
          </reporter-output>
        </test-method> <!-- tearDownClass -->
      </class> <!-- Runner.TestApplication -->
    </test> <!-- Default test -->
  </suite> <!-- Default suite -->
</testng-results>
