<?xml version="1.0" encoding="UTF-8"?>
<!-- Generated by org.testng.reporters.JUnitXMLReporter -->
<testsuite ignored="0" hostname="DESKTOP-PSK9T3X" failures="1" tests="1" name="Default test" time="97.049" errors="0" timestamp="2023-06-02T10:21:22 IST">
  <testcase classname="io.cucumber.testng.AbstractTestNGCucumberTests" name="runScenario" time="70.531">
    <failure type="java.lang.NullPointerException" message="Cannot invoke &amp;quot;java.util.Map.get(Object)&amp;quot; because &amp;quot;this.testData&amp;quot; is null">
      <![CDATA[java.lang.NullPointerException: Cannot invoke "java.util.Map.get(Object)" because "this.testData" is null
at stepdefinitions.TransactionStaffAccs_Steps.enter_the_single_transfer_code_value(TransactionStaffAccs_Steps.java:238)
at ✽.Enter the single transfer Code value(file:///C:/Users/inindc00613/git/repository/CSM_AK/CSM_Akthar/src/test/java/features/TransactionsStaffAcc.feature:316)
]]>
    </failure>
  </testcase> <!-- runScenario -->
</testsuite> <!-- Default test -->
