<html>
<head>
<title>TestNG:  Default test</title>
<link href="../testng.css" rel="stylesheet" type="text/css" />
<link href="../my-testng.css" rel="stylesheet" type="text/css" />

<style type="text/css">
.log { display: none;} 
.stack-trace { display: none;} 
</style>
<script type="text/javascript">
<!--
function flip(e) {
  current = e.style.display;
  if (current == 'block') {
    e.style.display = 'none';
    return 0;
  }
  else {
    e.style.display = 'block';
    return 1;
  }
}

function toggleBox(szDivId, elem, msg1, msg2)
{
  var res = -1;  if (document.getElementById) {
    res = flip(document.getElementById(szDivId));
  }
  else if (document.all) {
    // this is the way old msie versions work
    res = flip(document.all[szDivId]);
  }
  if(elem) {
    if(res == 0) elem.innerHTML = msg1; else elem.innerHTML = msg2;
  }

}

function toggleAllBoxes() {
  if (document.getElementsByTagName) {
    d = document.getElementsByTagName('div');
    for (i = 0; i < d.length; i++) {
      if (d[i].className == 'log') {
        flip(d[i]);
      }
    }
  }
}

// -->
</script>

</head>
<body>
<h2 align='center'>Default test</h2><table border='1' align="center">
<tr>
<td>Tests passed/Failed/Skipped:</td><td>0/1/0</td>
</tr><tr>
<td>Started on:</td><td>Thu May 25 18:20:44 IST 2023</td>
</tr>
<tr><td>Total time:</td><td>172 seconds (172270 ms)</td>
</tr><tr>
<td>Included groups:</td><td></td>
</tr><tr>
<td>Excluded groups:</td><td></td>
</tr>
</table><p/>
<small><i>(Hover the method name to see the test class name)</i></small><p/>
<table width='100%' border='1' class='invocation-failed'>
<tr><td colspan='4' align='center'><b>FAILED TESTS</b></td></tr>
<tr><td><b>Test method</b></td>
<td width="30%"><b>Exception</b></td>
<td width="10%"><b>Time (seconds)</b></td>
<td><b>Instance</b></td>
</tr>
<tr>
<td title='Runner.TestApplication.runScenario()'><b>runScenario</b><br>Test class: Runner.TestApplication<br>Test method: Runs Cucumber Scenarios<br>Parameters: "Checking Single Transfer (Main Debit) Transaction - Booked Entries + Balance Updates - Allow Internal GL flag checked", "Optional[To check the functionalitites of TransactionStaffAccounts request]"</td>
<td><div><pre>org.openqa.selenium.ElementClickInterceptedException: element click intercepted: Element &lt;input type=&quot;text&quot; autocomplete=&quot;off&quot; name=&quot;trxMgntCO.ctstrsVO.AMOUNT&quot; class=&quot;path-theme-cust-input textCompSize ui-state-focus ui-corner-all&quot; value=&quot;&quot; id=&quot;amount_D001MT&quot; style=&quot;width:100px&quot; mode=&quot;number&quot; nbformat=&quot;#,##0.000&quot; noformat=&quot;false&quot; decimalsepa=&quot;.&quot; groupsepa=&quot;,&quot; maxvalue=&quot;999999999999.999&quot; maxlenbeforedec=&quot;12&quot; required=&quot;true&quot; afterdepevent=&quot;trxMgntAfterAmountDependency&quot; initialvalue=&quot;&quot; prevvalue=&quot;&quot; fieldaudit=&quot;1&quot; dependency=&quot;@JS_VAR_amountDependency_D001MT,@JS_VAR_chargesCommonDep_D001MT,remittance_fr_num_D001MT:trxMgntCO.ctstrsVO.REMITTANCE_FR_NUM,cyPurchaseSaleBehavior_D001MT:trxMgntCO.cyPurchaseSaleBehavior,@JS_VAR_breakDepositDep_D001MT,lookuptxt_treasury_ref_no_D001MT:trxMgntCO.ctstrsExtendedVO.TREASURY_REFERENCE_NO&quot; dependencysrc=&quot;/imal_core_portal_imal145_qc_o18/path/trxMgnt/TrxMgntDependencies_dependencyByAmount&quot; parameters=&quot;trxMgntCO.ctstrsVO.BENEF_BANK:lookuptxt_benef_bank_D001MT,trxMgntCO.multiTrsNo:multi_trs_no_D001MT,@JS_VAR_amountParams_D001MT,@JS_VAR_chargesCommonParams_D001MT,trxMgntCO.ctstrsExtendedVO.CY_PURCHASE_SALE:cy_purchaseSale_D001MT,trxMgntCO.ctstrsExtendedVO.TRX_DETAILS:trx_details_D001MT,trxMgntCO.ctstrsExtendedVO.NEGOTIATED_RATE:nego_exchange_rate_D001MT,trxMgntCO.availAmount:avail_am_D001MT,trxMgntCO.ctsCircularDefVO.AUTH_CEILING_CV_AMNT:auth_ceiling_circular_D001MT,trxMgntCO.ctsTrsExchClientDetVO.AUTHORIZATION_CEILING:auth_ceiling_D001MT,trxMgntCO.ctstrsVO.TRS_AC_CY:trs_ac_cy_D001MT,trxMgntCO.ctstrsVO.TRS_AC_CIF:trs_ac_cif_D001MT,trxMgntCO.ctstrsVO.TO_TRS_AC_CY:to_trs_ac_cy_D001MT,trxMgntCO.ctstrsVO.TO_TRS_AC_CIF:to_trs_ac_cif_D001MT,trxMgntCO.ctstrsVO.TRS_CY:lookuptxt_trs_cy_D001MT,trxMgntCO.ctstrxtypeVO.TYPE:type_D001MT,trxMgntCO.ctstrxtypeVO.CR_DR_FOREX:cr_dr_forex_D001MT,trxMgntCO.proceedWithCyPurchaseSale:proceedWithCyPurchaseSale_D001MT,trxMgntCO.ctstrsVO.VOID_REASON:holdReason_D001MT,trxMgntCO.ctstrsExtendedVO.TREASURY_REFERENCE_NO:lookuptxt_treasury_ref_no_D001MT&quot; overridelabeltext=&quot;Amount&quot; overridelabelkey=&quot;Amount_key&quot; title=&quot;Amount&quot;&gt; is not clickable at point (933, 522). Other element would receive the click: &lt;div style=&quot;display: block; width: 360px; height: 153px; overflow: auto;&quot;&gt;...&lt;/div&gt;
  (Session info: chrome=113.0.5672.127)
Build info: version: &apos;4.8.1&apos;, revision: &apos;8ebccac989&apos;
System info: os.name: &apos;Windows 10&apos;, os.arch: &apos;amd64&apos;, os.version: &apos;10.0&apos;, java.version: &apos;17.0.7&apos;
Driver info: org.openqa.selenium.chrome.ChromeDriver
Command: [711a80bb5bbff766d4fc3b04e1f6e3ed, clickElement {id=61B5F0FBE0849A9950666E567555A960_element_878}]
Capabilities {acceptInsecureCerts: false, browserName: chrome, browserVersion: 113.0.5672.127, chrome: {chromedriverVersion: 113.0.5672.63 (0e1a4471d5ae..., userDataDir: C:\Users\ININDC~1\AppData\L...}, goog:chromeOptions: {debuggerAddress: localhost:56578}, networkConnectionEnabled: false, pageLoadStrategy: normal, platformName: WINDOWS, proxy: Proxy(), se:cdp: ws://localhost:56578/devtoo..., se:cdpVersion: 113.0.5672.127, setWindowRect: true, strictFileInteractability: false, timeouts: {implicit: 0, pageLoad: 300000, script: 30000}, unhandledPromptBehavior: dismiss and notify, webauthn:extension:credBlob: true, webauthn:extension:largeBlob: true, webauthn:extension:minPinLength: true, webauthn:extension:prf: true, webauthn:virtualAuthenticators: true}
Element: [[ChromeDriver: chrome on WINDOWS (711a80bb5bbff766d4fc3b04e1f6e3ed)] -&gt; xpath: //input[@id=&apos;amount_D001MT&apos;]]
Session ID: 711a80bb5bbff766d4fc3b04e1f6e3ed
	at java.base/jdk.internal.reflect.NativeConstructorAccessorImpl.newInstance0(Native Method)
	at java.base/jdk.internal.reflect.NativeConstructorAccessorImpl.newInstance(NativeConstructorAccessorImpl.java:77)
	at java.base/jdk.internal.reflect.DelegatingConstructorAccessorImpl.newInstance(DelegatingConstructorAccessorImpl.java:45)
	at java.base/java.lang.reflect.Constructor.newInstanceWithCaller(Constructor.java:499)
	at java.base/java.lang.reflect.Constructor.newInstance(Constructor.java:480)
	at org.openqa.selenium.remote.codec.w3c.W3CHttpResponseCodec.createException(W3CHttpResponseCodec.java:200)
	at org.openqa.selenium.remote.codec.w3c.W3CHttpResponseCodec.decode(W3CHttpResponseCodec.java:133)
	at org.openqa.selenium.remote.codec.w3c.W3CHttpResponseCodec.decode(W3CHttpResponseCodec.java:53)
	at org.openqa.selenium.remote.HttpCommandExecutor.execute(HttpCommandExecutor.java:184)
	at org.openqa.selenium.remote.service.DriverCommandExecutor.invokeExecute(DriverCommandExecutor.java:167)
	at org.openqa.selenium.remote.service.DriverCommandExecutor.execute(DriverCommandExecutor.java:142)
	at org.openqa.selenium.remote.RemoteWebDriver.execute(RemoteWebDriver.java:543)
	at org.openqa.selenium.remote.RemoteWebElement.execute(RemoteWebElement.java:257)
	at org.openqa.selenium.remote.RemoteWebElement.click(RemoteWebElement.java:78)
	at jdk.internal.reflect.GeneratedMethodAccessor5.invoke(Unknown Source)
	at java.base/jdk.internal.reflect.DelegatingMethodAccessorImpl.invoke(DelegatingMethodAccessorImpl.java:43)
	at java.base/java.lang.reflect.Method.invoke(Method.java:568)
	at org.openqa.selenium.support.pagefactory.internal.LocatingElementHandler.invoke(LocatingElementHandler.java:52)
	at jdk.proxy2/jdk.proxy2.$Proxy45.click(Unknown Source)
	at helper.ClicksAndActionsHelper.clickOnElement(ClicksAndActionsHelper.java:22)
	at stepdefinitions.TransactionStaffAccs_Steps.enter_the_Amount_in_this_checkbox(TransactionStaffAccs_Steps.java:430)
	at ✽.Enter the Amount in this Checkbox(file:///C:/Users/inindc00613/eclipse-workspace/CSM_Akthar/src/test/java/features/TransactionsStaffAcc.feature:153)
</pre></div><a href='#' onClick='toggleBox("stack-trace225049978", this, "Click to show all stack frames", "Click to hide stack frames")'>Click to show all stack frames</a>
<div class='stack-trace' id='stack-trace225049978'><pre>org.openqa.selenium.ElementClickInterceptedException: element click intercepted: Element &lt;input type=&quot;text&quot; autocomplete=&quot;off&quot; name=&quot;trxMgntCO.ctstrsVO.AMOUNT&quot; class=&quot;path-theme-cust-input textCompSize ui-state-focus ui-corner-all&quot; value=&quot;&quot; id=&quot;amount_D001MT&quot; style=&quot;width:100px&quot; mode=&quot;number&quot; nbformat=&quot;#,##0.000&quot; noformat=&quot;false&quot; decimalsepa=&quot;.&quot; groupsepa=&quot;,&quot; maxvalue=&quot;999999999999.999&quot; maxlenbeforedec=&quot;12&quot; required=&quot;true&quot; afterdepevent=&quot;trxMgntAfterAmountDependency&quot; initialvalue=&quot;&quot; prevvalue=&quot;&quot; fieldaudit=&quot;1&quot; dependency=&quot;@JS_VAR_amountDependency_D001MT,@JS_VAR_chargesCommonDep_D001MT,remittance_fr_num_D001MT:trxMgntCO.ctstrsVO.REMITTANCE_FR_NUM,cyPurchaseSaleBehavior_D001MT:trxMgntCO.cyPurchaseSaleBehavior,@JS_VAR_breakDepositDep_D001MT,lookuptxt_treasury_ref_no_D001MT:trxMgntCO.ctstrsExtendedVO.TREASURY_REFERENCE_NO&quot; dependencysrc=&quot;/imal_core_portal_imal145_qc_o18/path/trxMgnt/TrxMgntDependencies_dependencyByAmount&quot; parameters=&quot;trxMgntCO.ctstrsVO.BENEF_BANK:lookuptxt_benef_bank_D001MT,trxMgntCO.multiTrsNo:multi_trs_no_D001MT,@JS_VAR_amountParams_D001MT,@JS_VAR_chargesCommonParams_D001MT,trxMgntCO.ctstrsExtendedVO.CY_PURCHASE_SALE:cy_purchaseSale_D001MT,trxMgntCO.ctstrsExtendedVO.TRX_DETAILS:trx_details_D001MT,trxMgntCO.ctstrsExtendedVO.NEGOTIATED_RATE:nego_exchange_rate_D001MT,trxMgntCO.availAmount:avail_am_D001MT,trxMgntCO.ctsCircularDefVO.AUTH_CEILING_CV_AMNT:auth_ceiling_circular_D001MT,trxMgntCO.ctsTrsExchClientDetVO.AUTHORIZATION_CEILING:auth_ceiling_D001MT,trxMgntCO.ctstrsVO.TRS_AC_CY:trs_ac_cy_D001MT,trxMgntCO.ctstrsVO.TRS_AC_CIF:trs_ac_cif_D001MT,trxMgntCO.ctstrsVO.TO_TRS_AC_CY:to_trs_ac_cy_D001MT,trxMgntCO.ctstrsVO.TO_TRS_AC_CIF:to_trs_ac_cif_D001MT,trxMgntCO.ctstrsVO.TRS_CY:lookuptxt_trs_cy_D001MT,trxMgntCO.ctstrxtypeVO.TYPE:type_D001MT,trxMgntCO.ctstrxtypeVO.CR_DR_FOREX:cr_dr_forex_D001MT,trxMgntCO.proceedWithCyPurchaseSale:proceedWithCyPurchaseSale_D001MT,trxMgntCO.ctstrsVO.VOID_REASON:holdReason_D001MT,trxMgntCO.ctstrsExtendedVO.TREASURY_REFERENCE_NO:lookuptxt_treasury_ref_no_D001MT&quot; overridelabeltext=&quot;Amount&quot; overridelabelkey=&quot;Amount_key&quot; title=&quot;Amount&quot;&gt; is not clickable at point (933, 522). Other element would receive the click: &lt;div style=&quot;display: block; width: 360px; height: 153px; overflow: auto;&quot;&gt;...&lt;/div&gt;
  (Session info: chrome=113.0.5672.127)
Build info: version: &apos;4.8.1&apos;, revision: &apos;8ebccac989&apos;
System info: os.name: &apos;Windows 10&apos;, os.arch: &apos;amd64&apos;, os.version: &apos;10.0&apos;, java.version: &apos;17.0.7&apos;
Driver info: org.openqa.selenium.chrome.ChromeDriver
Command: [711a80bb5bbff766d4fc3b04e1f6e3ed, clickElement {id=61B5F0FBE0849A9950666E567555A960_element_878}]
Capabilities {acceptInsecureCerts: false, browserName: chrome, browserVersion: 113.0.5672.127, chrome: {chromedriverVersion: 113.0.5672.63 (0e1a4471d5ae..., userDataDir: C:\Users\ININDC~1\AppData\L...}, goog:chromeOptions: {debuggerAddress: localhost:56578}, networkConnectionEnabled: false, pageLoadStrategy: normal, platformName: WINDOWS, proxy: Proxy(), se:cdp: ws://localhost:56578/devtoo..., se:cdpVersion: 113.0.5672.127, setWindowRect: true, strictFileInteractability: false, timeouts: {implicit: 0, pageLoad: 300000, script: 30000}, unhandledPromptBehavior: dismiss and notify, webauthn:extension:credBlob: true, webauthn:extension:largeBlob: true, webauthn:extension:minPinLength: true, webauthn:extension:prf: true, webauthn:virtualAuthenticators: true}
Element: [[ChromeDriver: chrome on WINDOWS (711a80bb5bbff766d4fc3b04e1f6e3ed)] -&gt; xpath: //input[@id=&apos;amount_D001MT&apos;]]
Session ID: 711a80bb5bbff766d4fc3b04e1f6e3ed
	at java.base/jdk.internal.reflect.NativeConstructorAccessorImpl.newInstance0(Native Method)
	at java.base/jdk.internal.reflect.NativeConstructorAccessorImpl.newInstance(NativeConstructorAccessorImpl.java:77)
	at java.base/jdk.internal.reflect.DelegatingConstructorAccessorImpl.newInstance(DelegatingConstructorAccessorImpl.java:45)
	at java.base/java.lang.reflect.Constructor.newInstanceWithCaller(Constructor.java:499)
	at java.base/java.lang.reflect.Constructor.newInstance(Constructor.java:480)
	at org.openqa.selenium.remote.codec.w3c.W3CHttpResponseCodec.createException(W3CHttpResponseCodec.java:200)
	at org.openqa.selenium.remote.codec.w3c.W3CHttpResponseCodec.decode(W3CHttpResponseCodec.java:133)
	at org.openqa.selenium.remote.codec.w3c.W3CHttpResponseCodec.decode(W3CHttpResponseCodec.java:53)
	at org.openqa.selenium.remote.HttpCommandExecutor.execute(HttpCommandExecutor.java:184)
	at org.openqa.selenium.remote.service.DriverCommandExecutor.invokeExecute(DriverCommandExecutor.java:167)
	at org.openqa.selenium.remote.service.DriverCommandExecutor.execute(DriverCommandExecutor.java:142)
	at org.openqa.selenium.remote.RemoteWebDriver.execute(RemoteWebDriver.java:543)
	at org.openqa.selenium.remote.RemoteWebElement.execute(RemoteWebElement.java:257)
	at org.openqa.selenium.remote.RemoteWebElement.click(RemoteWebElement.java:78)
	at jdk.internal.reflect.GeneratedMethodAccessor5.invoke(Unknown Source)
	at java.base/jdk.internal.reflect.DelegatingMethodAccessorImpl.invoke(DelegatingMethodAccessorImpl.java:43)
	at java.base/java.lang.reflect.Method.invoke(Method.java:568)
	at org.openqa.selenium.support.pagefactory.internal.LocatingElementHandler.invoke(LocatingElementHandler.java:52)
	at jdk.proxy2/jdk.proxy2.$Proxy45.click(Unknown Source)
	at helper.ClicksAndActionsHelper.clickOnElement(ClicksAndActionsHelper.java:22)
	at stepdefinitions.TransactionStaffAccs_Steps.enter_the_Amount_in_this_checkbox(TransactionStaffAccs_Steps.java:430)
	at ✽.Enter the Amount in this Checkbox(file:///C:/Users/inindc00613/eclipse-workspace/CSM_Akthar/src/test/java/features/TransactionsStaffAcc.feature:153)
</pre></div></td>
<td>122</td>
<td>Runner.TestApplication@48aca48b</td></tr>
</table><p>
</body>
</html>