<?xml version="1.0" encoding="UTF-8"?>
<testng-results ignored="0" total="1" passed="1" failed="0" skipped="0">
  <reporter-output>
  </reporter-output>
  <suite started-at="2023-07-03T16:09:09 IST" name="Default suite" finished-at="2023-07-03T16:10:22 IST" duration-ms="72627">
    <groups>
    </groups>
    <test started-at="2023-07-03T16:09:09 IST" name="Default test" finished-at="2023-07-03T16:10:22 IST" duration-ms="72627">
      <class name="Runner.MultipleTagsRun">
        <test-method is-config="true" signature="beforeTest()[pri:0, instance:Runner.MultipleTagsRun@d86a6f]" started-at="2023-07-03T16:09:09 IST" name="beforeTest" finished-at="2023-07-03T16:09:11 IST" duration-ms="2285" status="PASS">
          <reporter-output>
          </reporter-output>
        </test-method> <!-- beforeTest -->
        <test-method signature="test()[pri:0, instance:Runner.MultipleTagsRun@d86a6f]" started-at="2023-07-03T16:09:11 IST" name="test" finished-at="2023-07-03T16:10:21 IST" duration-ms="69987" status="PASS">
          <reporter-output>
          </reporter-output>
        </test-method> <!-- test -->
        <test-method is-config="true" signature="afterTest()[pri:0, instance:Runner.MultipleTagsRun@d86a6f]" started-at="2023-07-03T16:10:21 IST" name="afterTest" finished-at="2023-07-03T16:10:22 IST" duration-ms="268" status="PASS">
          <reporter-output>
          </reporter-output>
        </test-method> <!-- afterTest -->
      </class> <!-- Runner.MultipleTagsRun -->
    </test> <!-- Default test -->
  </suite> <!-- Default suite -->
</testng-results>
