<?xml version="1.0" encoding="UTF-8"?>
<testng-results ignored="0" total="1" passed="1" failed="0" skipped="0">
  <reporter-output>
  </reporter-output>
  <suite started-at="2023-06-09T16:59:03 IST" name="Default suite" finished-at="2023-06-09T17:08:02 IST" duration-ms="539542">
    <groups>
    </groups>
    <test started-at="2023-06-09T16:59:03 IST" name="Default test" finished-at="2023-06-09T17:08:02 IST" duration-ms="539542">
      <class name="Runner.MultipleTagsRun">
        <test-method is-config="true" signature="beforeTest()[pri:0, instance:Runner.MultipleTagsRun@2892d68]" started-at="2023-06-09T16:59:03 IST" name="beforeTest" finished-at="2023-06-09T16:59:10 IST" duration-ms="6675" status="PASS">
          <reporter-output>
          </reporter-output>
        </test-method> <!-- beforeTest -->
        <test-method signature="test()[pri:0, instance:Runner.MultipleTagsRun@2892d68]" started-at="2023-06-09T16:59:11 IST" name="test" finished-at="2023-06-09T17:08:02 IST" duration-ms="531254" status="PASS">
          <reporter-output>
          </reporter-output>
        </test-method> <!-- test -->
        <test-method is-config="true" signature="afterTest()[pri:0, instance:Runner.MultipleTagsRun@2892d68]" started-at="2023-06-09T17:08:02 IST" name="afterTest" finished-at="2023-06-09T17:08:02 IST" duration-ms="395" status="PASS">
          <reporter-output>
          </reporter-output>
        </test-method> <!-- afterTest -->
      </class> <!-- Runner.MultipleTagsRun -->
    </test> <!-- Default test -->
  </suite> <!-- Default suite -->
</testng-results>
