<?xml version="1.0" encoding="UTF-8"?>
<!-- Generated by org.testng.reporters.JUnitReportReporter -->
<testsuite hostname="DESKTOP-PSK9T3J" failures="0" tests="1" name="Runner.TestApplication" time="50.281" errors="1" timestamp="2023-05-17T18:09:06 IST" skipped="0">
  <testcase classname="Runner.TestApplication" name="runScenario" time="50.281">
    <error message="element click intercepted: Element &lt;input type=&quot;text&quot; autocomplete=&quot;off&quot; name=&quot;populatetellerCO.ctstellerPopulateVO.LONG_NAME_ENG&quot; class=&quot;path-theme-cust-input textCompSize ui-state-focus ui-corner-all&quot; maxlength=&quot;40&quot; value=&quot;&quot; id=&quot;long_name_eng_E000POMT&quot; required=&quot;true&quot; initialvalue=&quot;&quot; prevvalue=&quot;&quot; onchange=&quot;allLetterEnglish(this);&quot;&gt; is not clickable at point (580, 219). Other element would receive the click: &lt;div class=&quot;jMsgbox-background&quot; style=&quot;position: fixed; width: 1920px; height: 924px; z-index: 999999; opacity: 0.6; top: 0px; left: 0px;&quot;&gt;&lt;/div&gt;
  (Session info: chrome=113.0.5672.93)
Build info: version: &#039;4.8.1&#039;, revision: &#039;8ebccac989&#039;
System info: os.name: &#039;Windows 10&#039;, os.arch: &#039;amd64&#039;, os.version: &#039;10.0&#039;, java.version: &#039;16.0.2&#039;
Driver info: org.openqa.selenium.chrome.ChromeDriver
Command: [caf212eb0afd0bd2aa6965311d8b82e0, clickElement {id=755BC160D6E7A7C0E0C0D3D566749617_element_304}]
Capabilities {acceptInsecureCerts: false, browserName: chrome, browserVersion: 113.0.5672.93, chrome: {chromedriverVersion: 113.0.5672.63 (0e1a4471d5ae..., userDataDir: C:\Users\ININDC~1\AppData\L...}, goog:chromeOptions: {debuggerAddress: localhost:51116}, networkConnectionEnabled: false, pageLoadStrategy: normal, platformName: WINDOWS, proxy: Proxy(), se:cdp: ws://localhost:51116/devtoo..., se:cdpVersion: 113.0.5672.93, setWindowRect: true, strictFileInteractability: false, timeouts: {implicit: 0, pageLoad: 300000, script: 30000}, unhandledPromptBehavior: dismiss and notify, webauthn:extension:credBlob: true, webauthn:extension:largeBlob: true, webauthn:extension:minPinLength: true, webauthn:extension:prf: true, webauthn:virtualAuthenticators: true}
Element: [[ChromeDriver: chrome on WINDOWS (caf212eb0afd0bd2aa6965311d8b82e0)] -&gt; xpath: //input[@id=&#039;long_name_eng_E000POMT&#039;]]
Session ID: caf212eb0afd0bd2aa6965311d8b82e0" type="org.openqa.selenium.ElementClickInterceptedException">
      <![CDATA[org.openqa.selenium.ElementClickInterceptedException: element click intercepted: Element <input type="text" autocomplete="off" name="populatetellerCO.ctstellerPopulateVO.LONG_NAME_ENG" class="path-theme-cust-input textCompSize ui-state-focus ui-corner-all" maxlength="40" value="" id="long_name_eng_E000POMT" required="true" initialvalue="" prevvalue="" onchange="allLetterEnglish(this);"> is not clickable at point (580, 219). Other element would receive the click: <div class="jMsgbox-background" style="position: fixed; width: 1920px; height: 924px; z-index: 999999; opacity: 0.6; top: 0px; left: 0px;"></div>
  (Session info: chrome=113.0.5672.93)
Build info: version: '4.8.1', revision: '8ebccac989'
System info: os.name: 'Windows 10', os.arch: 'amd64', os.version: '10.0', java.version: '16.0.2'
Driver info: org.openqa.selenium.chrome.ChromeDriver
Command: [caf212eb0afd0bd2aa6965311d8b82e0, clickElement {id=755BC160D6E7A7C0E0C0D3D566749617_element_304}]
Capabilities {acceptInsecureCerts: false, browserName: chrome, browserVersion: 113.0.5672.93, chrome: {chromedriverVersion: 113.0.5672.63 (0e1a4471d5ae..., userDataDir: C:\Users\ININDC~1\AppData\L...}, goog:chromeOptions: {debuggerAddress: localhost:51116}, networkConnectionEnabled: false, pageLoadStrategy: normal, platformName: WINDOWS, proxy: Proxy(), se:cdp: ws://localhost:51116/devtoo..., se:cdpVersion: 113.0.5672.93, setWindowRect: true, strictFileInteractability: false, timeouts: {implicit: 0, pageLoad: 300000, script: 30000}, unhandledPromptBehavior: dismiss and notify, webauthn:extension:credBlob: true, webauthn:extension:largeBlob: true, webauthn:extension:minPinLength: true, webauthn:extension:prf: true, webauthn:virtualAuthenticators: true}
Element: [[ChromeDriver: chrome on WINDOWS (caf212eb0afd0bd2aa6965311d8b82e0)] -> xpath: //input[@id='long_name_eng_E000POMT']]
Session ID: caf212eb0afd0bd2aa6965311d8b82e0
at java.base/jdk.internal.reflect.NativeConstructorAccessorImpl.newInstance0(Native Method)
at java.base/jdk.internal.reflect.NativeConstructorAccessorImpl.newInstance(NativeConstructorAccessorImpl.java:78)
at java.base/jdk.internal.reflect.DelegatingConstructorAccessorImpl.newInstance(DelegatingConstructorAccessorImpl.java:45)
at java.base/java.lang.reflect.Constructor.newInstanceWithCaller(Constructor.java:499)
at java.base/java.lang.reflect.Constructor.newInstance(Constructor.java:480)
at org.openqa.selenium.remote.codec.w3c.W3CHttpResponseCodec.createException(W3CHttpResponseCodec.java:200)
at org.openqa.selenium.remote.codec.w3c.W3CHttpResponseCodec.decode(W3CHttpResponseCodec.java:133)
at org.openqa.selenium.remote.codec.w3c.W3CHttpResponseCodec.decode(W3CHttpResponseCodec.java:53)
at org.openqa.selenium.remote.HttpCommandExecutor.execute(HttpCommandExecutor.java:184)
at org.openqa.selenium.remote.service.DriverCommandExecutor.invokeExecute(DriverCommandExecutor.java:167)
at org.openqa.selenium.remote.service.DriverCommandExecutor.execute(DriverCommandExecutor.java:142)
at org.openqa.selenium.remote.RemoteWebDriver.execute(RemoteWebDriver.java:543)
at org.openqa.selenium.remote.RemoteWebElement.execute(RemoteWebElement.java:257)
at org.openqa.selenium.remote.RemoteWebElement.click(RemoteWebElement.java:78)
at jdk.internal.reflect.GeneratedMethodAccessor5.invoke(Unknown Source)
at java.base/jdk.internal.reflect.DelegatingMethodAccessorImpl.invoke(DelegatingMethodAccessorImpl.java:43)
at java.base/java.lang.reflect.Method.invoke(Method.java:567)
at org.openqa.selenium.support.pagefactory.internal.LocatingElementHandler.invoke(LocatingElementHandler.java:52)
at jdk.proxy2/jdk.proxy2.$Proxy45.click(Unknown Source)
at stepdefinitions.CSM_ParamTransStaffAccPopulateUser.enter_the_long_description_valuse_under_populate_user_maintenance_screen(CSM_ParamTransStaffAccPopulateUser.java:81)
at ✽.Enter the long description valuse under populate user maintenance screen(file:///C:/Users/inindc00604/git/BharaniCSM/CSM_Bharani/src/test/java/features/CSMParam_PopulateUser.feature:12)
]]>
    </error>
  </testcase> <!-- runScenario -->
  <system-out/>
</testsuite> <!-- Runner.TestApplication -->
