<?xml version="1.0" encoding="UTF-8"?>
<!-- Generated by org.testng.reporters.JUnitReportReporter -->
<testsuite hostname="DESKTOP-PSK9T3G" failures="0" tests="1" name="Runner.TestApplication" time="79.150" errors="1" timestamp="2023-06-07T17:35:30 IST" skipped="0">
  <testcase classname="Runner.TestApplication" name="runScenario" time="79.150">
    <error message="Keys to send should be a not null CharSequence" type="java.lang.IllegalArgumentException">
      <![CDATA[java.lang.IllegalArgumentException: Keys to send should be a not null CharSequence
at org.openqa.selenium.remote.RemoteWebElement.sendKeys(RemoteWebElement.java:98)
at jdk.internal.reflect.GeneratedMethodAccessor3.invoke(Unknown Source)
at java.base/jdk.internal.reflect.DelegatingMethodAccessorImpl.invoke(DelegatingMethodAccessorImpl.java:43)
at java.base/java.lang.reflect.Method.invoke(Method.java:568)
at org.openqa.selenium.support.pagefactory.internal.LocatingElementHandler.invoke(LocatingElementHandler.java:52)
at jdk.proxy2/jdk.proxy2.$Proxy45.sendKeys(Unknown Source)
at vimal.UserUtility.enterDataAndTab(UserUtility.java:34)
at stepdefinitions.CSM_TransactionIntra.UserEnterTheAmountInMaintenanceScreenForTrs_099(CSM_TransactionIntra.java:543)
at ✽.User Enter the Amount in Maintenance Screen for TRS_099(file:///C:/Users/ININDC00614/git/AZENTIO-CSM_Vimal/AzentioAutomationFramework_CSM_Vimal/src/test/java/features/CSM_Transaction.feature:335)
]]>
    </error>
  </testcase> <!-- runScenario -->
  <system-out/>
</testsuite> <!-- Runner.TestApplication -->
