<?xml version="1.0" encoding="UTF-8"?>
<testng-results ignored="0" total="1" passed="1" failed="0" skipped="0">
  <reporter-output>
  </reporter-output>
  <suite started-at="2023-04-25T18:24:31 IST" name="Default suite" finished-at="2023-04-25T18:25:23 IST" duration-ms="52905">
    <groups>
      <group name="cucumber">
        <method signature="AbstractTestNGCucumberTests.runScenario(io.cucumber.testng.PickleWrapper,io.cucumber.testng.FeatureWrapper)[pri:0, instance:Runner.TestApplication@5d0bf09b]" name="runScenario" class="io.cucumber.testng.AbstractTestNGCucumberTests"/>
      </group> <!-- cucumber -->
    </groups>
    <test started-at="2023-04-25T18:24:31 IST" name="Default test" finished-at="2023-04-25T18:25:23 IST" duration-ms="52905">
      <class name="Runner.TestApplication">
        <test-method is-config="true" signature="setUpClass()[pri:0, instance:Runner.TestApplication@5d0bf09b]" started-at="2023-04-25T18:24:31 IST" name="setUpClass" finished-at="2023-04-25T18:24:32 IST" duration-ms="1175" status="PASS">
          <reporter-output>
          </reporter-output>
        </test-method> <!-- setUpClass -->
        <test-method signature="runScenario(io.cucumber.testng.PickleWrapper,io.cucumber.testng.FeatureWrapper)[pri:0, instance:Runner.TestApplication@5d0bf09b]" started-at="2023-04-25T18:24:32 IST" name="runScenario" description="Runs Cucumber Scenarios" data-provider="scenarios" finished-at="2023-04-25T18:25:15 IST" duration-ms="43155" status="PASS">
          <params>
            <param index="0">
              <value>
                <![CDATA["Check if the Collected By ID field is not amendable at the level of “Chequebook Request – Submit screen"]]>
              </value>
            </param>
            <param index="1">
              <value>
                <![CDATA["Optional[To verify the functionality of chequebook under receive from provider]"]]>
              </value>
            </param>
          </params>
          <reporter-output>
          </reporter-output>
        </test-method> <!-- runScenario -->
        <test-method is-config="true" signature="tearDownClass()[pri:0, instance:Runner.TestApplication@5d0bf09b]" started-at="2023-04-25T18:25:15 IST" name="tearDownClass" finished-at="2023-04-25T18:25:23 IST" duration-ms="8516" status="PASS">
          <reporter-output>
          </reporter-output>
        </test-method> <!-- tearDownClass -->
      </class> <!-- Runner.TestApplication -->
    </test> <!-- Default test -->
  </suite> <!-- Default suite -->
</testng-results>
