<?xml version="1.0" encoding="UTF-8"?>
<testng-results ignored="0" total="1" passed="0" failed="1" skipped="0">
  <reporter-output>
  </reporter-output>
  <suite started-at="2023-05-29T12:35:30 IST" name="Default suite" finished-at="2023-05-29T12:36:11 IST" duration-ms="41551">
    <groups>
      <group name="cucumber">
        <method signature="AbstractTestNGCucumberTests.runScenario(io.cucumber.testng.PickleWrapper,io.cucumber.testng.FeatureWrapper)[pri:0, instance:Runner.TestApplication@5d0bf09b]" name="runScenario" class="io.cucumber.testng.AbstractTestNGCucumberTests"/>
      </group> <!-- cucumber -->
    </groups>
    <test started-at="2023-05-29T12:35:30 IST" name="Default test" finished-at="2023-05-29T12:36:11 IST" duration-ms="41551">
      <class name="Runner.TestApplication">
        <test-method is-config="true" signature="setUpClass()[pri:0, instance:Runner.TestApplication@5d0bf09b]" started-at="2023-05-29T12:35:30 IST" name="setUpClass" finished-at="2023-05-29T12:35:31 IST" duration-ms="1206" status="PASS">
          <reporter-output>
          </reporter-output>
        </test-method> <!-- setUpClass -->
        <test-method signature="runScenario(io.cucumber.testng.PickleWrapper,io.cucumber.testng.FeatureWrapper)[pri:0, instance:Runner.TestApplication@5d0bf09b]" started-at="2023-05-29T12:35:31 IST" name="runScenario" description="Runs Cucumber Scenarios" data-provider="scenarios" finished-at="2023-05-29T12:36:05 IST" duration-ms="33914" status="FAIL">
          <params>
            <param index="0">
              <value>
                <![CDATA["Check if the Collected By ID field is not amendable at the level of “Chequebook Request – Submit screen"]]>
              </value>
            </param>
            <param index="1">
              <value>
                <![CDATA["Optional[To verify the functionality of chequebook under receive from provider]"]]>
              </value>
            </param>
          </params>
          <exception class="java.lang.NullPointerException">
            <message>
              <![CDATA[Cannot invoke "java.util.Map.get(Object)" because "this.testData" is null]]>
            </message>
            <full-stacktrace>
              <![CDATA[java.lang.NullPointerException: Cannot invoke "java.util.Map.get(Object)" because "this.testData" is null
at stepdefinitions.CSM_ChequeBookRequest_Screen.user_enter_the_value_in_cheque_code_under_submit_screen(CSM_ChequeBookRequest_Screen.java:601)
at ✽.user enter the value in cheque code under submit screen(file:///C:/Users/ININDC00071/git/CSM_Application_Gowri/AzentioAutomationFramework_CSM_Gowri/src/test/java/features/CSM_ChequeBook_Request.feature:96)
]]>
            </full-stacktrace>
          </exception> <!-- java.lang.NullPointerException -->
          <reporter-output>
          </reporter-output>
        </test-method> <!-- runScenario -->
        <test-method is-config="true" signature="tearDownClass()[pri:0, instance:Runner.TestApplication@5d0bf09b]" started-at="2023-05-29T12:36:05 IST" name="tearDownClass" finished-at="2023-05-29T12:36:11 IST" duration-ms="6361" status="PASS">
          <reporter-output>
          </reporter-output>
        </test-method> <!-- tearDownClass -->
      </class> <!-- Runner.TestApplication -->
    </test> <!-- Default test -->
  </suite> <!-- Default suite -->
</testng-results>
