<?xml version="1.0" encoding="UTF-8"?>
<testng-results ignored="0" total="1" passed="1" failed="0" skipped="0">
  <reporter-output>
  </reporter-output>
  <suite started-at="2023-07-06T17:14:58 IST" name="Default suite" finished-at="2023-07-06T17:15:07 IST" duration-ms="9738">
    <groups>
    </groups>
    <test started-at="2023-07-06T17:14:58 IST" name="Default test" finished-at="2023-07-06T17:15:07 IST" duration-ms="9738">
      <class name="Runner.MultipleRunner">
        <test-method is-config="true" signature="beforeTest()[pri:0, instance:Runner.MultipleRunner@4145bad8]" started-at="2023-07-06T17:14:58 IST" name="beforeTest" finished-at="2023-07-06T17:15:01 IST" duration-ms="3660" status="PASS">
          <reporter-output>
          </reporter-output>
        </test-method> <!-- beforeTest -->
        <test-method signature="test()[pri:0, instance:Runner.MultipleRunner@4145bad8]" started-at="2023-07-06T17:15:01 IST" name="test" finished-at="2023-07-06T17:15:07 IST" duration-ms="5742" status="PASS">
          <reporter-output>
          </reporter-output>
        </test-method> <!-- test -->
        <test-method is-config="true" signature="afterTest()[pri:0, instance:Runner.MultipleRunner@4145bad8]" started-at="2023-07-06T17:15:07 IST" name="afterTest" finished-at="2023-07-06T17:15:07 IST" duration-ms="138" status="PASS">
          <reporter-output>
          </reporter-output>
        </test-method> <!-- afterTest -->
      </class> <!-- Runner.MultipleRunner -->
    </test> <!-- Default test -->
  </suite> <!-- Default suite -->
</testng-results>
