<?xml version="1.0" encoding="UTF-8"?>
<testng-results ignored="0" total="1" passed="1" failed="0" skipped="0">
  <reporter-output>
  </reporter-output>
  <suite started-at="2023-05-05T18:26:09 IST" name="Default suite" finished-at="2023-05-05T18:38:29 IST" duration-ms="740002">
    <groups>
    </groups>
    <test started-at="2023-05-05T18:26:09 IST" name="Default test" finished-at="2023-05-05T18:38:29 IST" duration-ms="740002">
      <class name="Runner.NewExcelTestRunner">
        <test-method is-config="true" signature="beforeTest()[pri:0, instance:Runner.NewExcelTestRunner@2bd2b28e]" started-at="2023-05-05T18:26:09 IST" name="beforeTest" finished-at="2023-05-05T18:26:10 IST" duration-ms="983" status="PASS">
          <reporter-output>
          </reporter-output>
        </test-method> <!-- beforeTest -->
        <test-method signature="test()[pri:0, instance:Runner.NewExcelTestRunner@2bd2b28e]" started-at="2023-05-05T18:26:10 IST" name="test" finished-at="2023-05-05T18:38:29 IST" duration-ms="738825" status="PASS">
          <reporter-output>
          </reporter-output>
        </test-method> <!-- test -->
        <test-method is-config="true" signature="afterTest()[pri:0, instance:Runner.NewExcelTestRunner@2bd2b28e]" started-at="2023-05-05T18:38:29 IST" name="afterTest" finished-at="2023-05-05T18:38:29 IST" duration-ms="96" status="PASS">
          <reporter-output>
          </reporter-output>
        </test-method> <!-- afterTest -->
      </class> <!-- Runner.NewExcelTestRunner -->
    </test> <!-- Default test -->
  </suite> <!-- Default suite -->
</testng-results>
