<?xml version="1.0" encoding="UTF-8"?>
<!-- Generated by org.testng.reporters.JUnitReportReporter -->
<testsuite hostname="DESKTOP-PSK9T3H" failures="0" tests="1" name="Runner.TestApplication" time="60.010" errors="1" timestamp="2023-07-07T12:22:17 IST" skipped="0">
  <testcase classname="Runner.TestApplication" name="runScenario" time="60.010">
    <error message="Keys to send should be a not null CharSequence" type="java.lang.IllegalArgumentException">
      <![CDATA[java.lang.IllegalArgumentException: Keys to send should be a not null CharSequence
at org.openqa.selenium.remote.RemoteWebElement.sendKeys(RemoteWebElement.java:98)
at jdk.internal.reflect.GeneratedMethodAccessor3.invoke(Unknown Source)
at java.base/jdk.internal.reflect.DelegatingMethodAccessorImpl.invoke(DelegatingMethodAccessorImpl.java:43)
at java.base/java.lang.reflect.Method.invoke(Method.java:568)
at org.openqa.selenium.support.pagefactory.internal.LocatingElementHandler.invoke(LocatingElementHandler.java:52)
at jdk.proxy2/jdk.proxy2.$Proxy45.sendKeys(Unknown Source)
at stepdefinitions.CSM_TransferAccounts_Steps.user_enter_the_reason_under_maintanence_screen(CSM_TransferAccounts_Steps.java:88)
at ✽.user enter the Reason under maintanence screen(file:///C:/Users/inindc00612/git/AZENTIO-CSM_1/CSM_RAZIA3/src/test/java/features/CSM_TransferaccountFEATURE.feature:20)
]]>
    </error>
  </testcase> <!-- runScenario -->
  <system-out/>
</testsuite> <!-- Runner.TestApplication -->
