<?xml version="1.0" encoding="UTF-8"?>
<!-- Generated by org.testng.reporters.JUnitReportReporter -->
<testsuite hostname="DESKTOP-PSK9T3S" failures="0" tests="1" name="Runner.TestApplication" time="43.815" errors="1" timestamp="2023-06-05T18:52:55 IST" skipped="0">
  <testcase classname="Runner.TestApplication" name="runScenario" time="43.815">
    <error message="Cannot invoke &quot;java.util.Map.get(Object)&quot; because &quot;this.testData&quot; is null" type="java.lang.NullPointerException">
      <![CDATA[java.lang.NullPointerException: Cannot invoke "java.util.Map.get(Object)" because "this.testData" is null
at stepdefinitions.CSM_Transaction_Steps.user_enter_the_date_in_user_running_dates(CSM_Transaction_Steps.java:954)
at ✽.User Enter the Date in User Running Dates(file:///C:/Users/inindc00606/git/Karthik_CSM/CSM_Karthi/src/test/java/features/CSM_Transaction.feature:594)
]]>
    </error>
  </testcase> <!-- runScenario -->
  <system-out/>
</testsuite> <!-- Runner.TestApplication -->
