<?xml version="1.0" encoding="UTF-8"?>
<!-- Generated by org.testng.reporters.JUnitReportReporter -->
<testsuite hostname="DESKTOP-PSK9T3S" failures="0" tests="1" name="Runner.TestApplication" time="75.708" errors="1" timestamp="2023-05-30T18:51:23 IST" skipped="0">
  <testcase classname="Runner.TestApplication" name="runScenario" time="75.708">
    <error message="Keys to send should be a not null CharSequence" type="java.lang.IllegalArgumentException">
      <![CDATA[java.lang.IllegalArgumentException: Keys to send should be a not null CharSequence
at org.openqa.selenium.remote.RemoteWebElement.sendKeys(RemoteWebElement.java:98)
at jdk.internal.reflect.GeneratedMethodAccessor2.invoke(Unknown Source)
at java.base/jdk.internal.reflect.DelegatingMethodAccessorImpl.invoke(DelegatingMethodAccessorImpl.java:43)
at java.base/java.lang.reflect.Method.invoke(Method.java:568)
at org.openqa.selenium.support.pagefactory.internal.LocatingElementHandler.invoke(LocatingElementHandler.java:52)
at jdk.proxy2/jdk.proxy2.$Proxy45.sendKeys(Unknown Source)
at stepdefinitions.CSM_Transaction_Steps.user_enter_the_code_in_inputfield_on_updateafterapprove_screen_under_transactiontype_for_trs063(CSM_Transaction_Steps.java:486)
at ✽.user Enter the code in inputfield on updateafterapprove screen under transactiontype for TRS_063(file:///C:/Users/inindc00606/git/Karthik_CSM/CSM_Karthi/src/test/java/features/CSM_Transaction.feature:189)
]]>
    </error>
  </testcase> <!-- runScenario -->
  <system-out/>
</testsuite> <!-- Runner.TestApplication -->
