<?xml version="1.0" encoding="UTF-8"?>
<!-- Generated by org.testng.reporters.JUnitReportReporter -->
<testsuite hostname="DESKTOP-PSK9T3U" failures="0" tests="1" name="Runner.TestApplication" time="33.914" errors="1" timestamp="2023-05-29T12:36:11 IST" skipped="0">
  <testcase classname="Runner.TestApplication" name="runScenario" time="33.914">
    <error message="Cannot invoke &quot;java.util.Map.get(Object)&quot; because &quot;this.testData&quot; is null" type="java.lang.NullPointerException">
      <![CDATA[java.lang.NullPointerException: Cannot invoke "java.util.Map.get(Object)" because "this.testData" is null
at stepdefinitions.CSM_ChequeBookRequest_Screen.user_enter_the_value_in_cheque_code_under_submit_screen(CSM_ChequeBookRequest_Screen.java:601)
at ✽.user enter the value in cheque code under submit screen(file:///C:/Users/ININDC00071/git/CSM_Application_Gowri/AzentioAutomationFramework_CSM_Gowri/src/test/java/features/CSM_ChequeBook_Request.feature:96)
]]>
    </error>
  </testcase> <!-- runScenario -->
  <system-out/>
</testsuite> <!-- Runner.TestApplication -->
