<?xml version="1.0" encoding="UTF-8"?>
<!-- Generated by org.testng.reporters.JUnitReportReporter -->
<testsuite hostname="PSK9T3U-DESKTOP" failures="0" tests="1" name="Runner.TestApplication" time="138.487" errors="1" timestamp="2023-04-21T17:08:19 IST" skipped="0">
  <testcase classname="Runner.TestApplication" name="runScenario" time="138.487">
    <error message="Expected condition failed: waiting for visibility of [[ChromeDriver: chrome on WINDOWS (9c0daaef4316597c473beb0c1222533e)] -&gt; id: search_chequeBookGridTbl_Id_Q000MT] (tried for 20 second(s) with 800 milliseconds interval)
Build info: version: &#039;4.8.1&#039;, revision: &#039;8ebccac989&#039;
System info: os.name: &#039;Windows 10&#039;, os.arch: &#039;amd64&#039;, os.version: &#039;10.0&#039;, java.version: &#039;16.0.2&#039;
Driver info: driver.version: unknown" type="org.openqa.selenium.TimeoutException">
      <![CDATA[org.openqa.selenium.TimeoutException: Expected condition failed: waiting for visibility of [[ChromeDriver: chrome on WINDOWS (9c0daaef4316597c473beb0c1222533e)] -> id: search_chequeBookGridTbl_Id_Q000MT] (tried for 20 second(s) with 800 milliseconds interval)
Build info: version: '4.8.1', revision: '8ebccac989'
System info: os.name: 'Windows 10', os.arch: 'amd64', os.version: '10.0', java.version: '16.0.2'
Driver info: driver.version: unknown
at org.openqa.selenium.support.ui.FluentWait.timeoutException(FluentWait.java:263)
at org.openqa.selenium.support.ui.FluentWait.until(FluentWait.java:231)
at helper.WaitHelper.waitForElementwithFluentwait(WaitHelper.java:93)
at stepdefinitions.CSM_AmendChequeCardStatusSteps.user_search_approved_chequebook_code_in_cheque_book_request_maintenance_screen(CSM_AmendChequeCardStatusSteps.java:232)
at ✽.User Search Approved chequebook code in Cheque book Request Maintenance Screen(file:///C:/Users/ININDC00482/git/CSM/AzentioAutomationFramework_CSM_Ajith/src/test/java/features/CSM_ChequeBookRequest.feature:31)
]]>
    </error>
  </testcase> <!-- runScenario -->
  <system-out/>
</testsuite> <!-- Runner.TestApplication -->
