<?xml version="1.0" encoding="UTF-8"?>
<testng-results ignored="0" total="1" passed="0" failed="1" skipped="0">
  <reporter-output>
  </reporter-output>
  <suite started-at="2023-05-09T15:42:06 AST" name="Default suite" finished-at="2023-05-09T15:42:11 AST" duration-ms="4914">
    <groups>
      <group name="cucumber">
        <method signature="AbstractTestNGCucumberTests.runScenario(io.cucumber.testng.PickleWrapper,io.cucumber.testng.FeatureWrapper)[pri:0, instance:Runner.TestApplication@909217e]" name="runScenario" class="io.cucumber.testng.AbstractTestNGCucumberTests"/>
      </group> <!-- cucumber -->
    </groups>
    <test started-at="2023-05-09T15:42:06 AST" name="Default test" finished-at="2023-05-09T15:42:11 AST" duration-ms="4914">
      <class name="Runner.TestApplication">
        <test-method is-config="true" signature="setUpClass()[pri:0, instance:Runner.TestApplication@909217e]" started-at="2023-05-09T15:42:06 AST" name="setUpClass" finished-at="2023-05-09T15:42:09 AST" duration-ms="2048" status="PASS">
          <reporter-output>
          </reporter-output>
        </test-method> <!-- setUpClass -->
        <test-method signature="runScenario(io.cucumber.testng.PickleWrapper,io.cucumber.testng.FeatureWrapper)[pri:0, instance:Runner.TestApplication@909217e]" started-at="2023-05-09T15:42:09 AST" name="runScenario" description="Runs Cucumber Scenarios" data-provider="scenarios" finished-at="2023-05-09T15:42:10 AST" duration-ms="1302" status="FAIL">
          <params>
            <param index="0">
              <value>
                <![CDATA[""]]>
              </value>
            </param>
            <param index="1">
              <value>
                <![CDATA["Optional[To check the functionality of chequebook Request]"]]>
              </value>
            </param>
          </params>
          <exception class="java.lang.IllegalArgumentException">
            <message>
              <![CDATA[Test name must not be null or empty]]>
            </message>
            <full-stacktrace>
              <![CDATA[java.lang.IllegalArgumentException: Test name must not be null or empty
at com.aventstack.extentreports.util.Assert.notEmpty(Assert.java:12)
at com.aventstack.extentreports.ExtentTest.<init>(ExtentTest.java:96)
at com.aventstack.extentreports.ExtentTest.createNode(ExtentTest.java:153)
at com.aventstack.extentreports.cucumber.adapter.ExtentCucumberAdapter.createTestCase(ExtentCucumberAdapter.java:415)
at com.aventstack.extentreports.cucumber.adapter.ExtentCucumberAdapter.handleTestCaseStarted(ExtentCucumberAdapter.java:162)
at com.aventstack.extentreports.cucumber.adapter.ExtentCucumberAdapter.access$100(ExtentCucumberAdapter.java:62)
at com.aventstack.extentreports.cucumber.adapter.ExtentCucumberAdapter$3.receive(ExtentCucumberAdapter.java:106)
at com.aventstack.extentreports.cucumber.adapter.ExtentCucumberAdapter$3.receive(ExtentCucumberAdapter.java:103)
at io.cucumber.core.eventbus.AbstractEventPublisher.send(AbstractEventPublisher.java:51)
at io.cucumber.core.eventbus.AbstractEventBus.send(AbstractEventBus.java:12)
at io.cucumber.core.runtime.SynchronizedEventBus.send(SynchronizedEventBus.java:47)
at io.cucumber.core.runtime.ThreadLocalRunnerSupplier$LocalEventBus.send(ThreadLocalRunnerSupplier.java:66)
at io.cucumber.core.runner.TestCase.emitTestCaseStarted(TestCase.java:228)
at io.cucumber.core.runner.TestCase.run(TestCase.java:92)
at io.cucumber.core.runner.Runner.runPickle(Runner.java:71)
at io.cucumber.testng.TestNGCucumberRunner.lambda$runScenario$0(TestNGCucumberRunner.java:116)
at io.cucumber.core.runtime.CucumberExecutionContext.runTestCase(CucumberExecutionContext.java:117)
at io.cucumber.testng.TestNGCucumberRunner.runScenario(TestNGCucumberRunner.java:113)
at io.cucumber.testng.AbstractTestNGCucumberTests.runScenario(AbstractTestNGCucumberTests.java:31)
at java.base/jdk.internal.reflect.NativeMethodAccessorImpl.invoke0(Native Method)
at java.base/jdk.internal.reflect.NativeMethodAccessorImpl.invoke(NativeMethodAccessorImpl.java:78)
at java.base/jdk.internal.reflect.DelegatingMethodAccessorImpl.invoke(DelegatingMethodAccessorImpl.java:43)
at java.base/java.lang.reflect.Method.invoke(Method.java:567)
at org.testng.internal.MethodInvocationHelper.invokeMethod(MethodInvocationHelper.java:133)
at org.testng.internal.TestInvoker.invokeMethod(TestInvoker.java:598)
at org.testng.internal.TestInvoker.invokeTestMethod(TestInvoker.java:173)
at org.testng.internal.MethodRunner.runInSequence(MethodRunner.java:46)
at org.testng.internal.TestInvoker$MethodInvocationAgent.invoke(TestInvoker.java:824)
at org.testng.internal.TestInvoker.invokeTestMethods(TestInvoker.java:146)
at org.testng.internal.TestMethodWorker.invokeTestMethods(TestMethodWorker.java:146)
at org.testng.internal.TestMethodWorker.run(TestMethodWorker.java:128)
at java.base/java.util.ArrayList.forEach(ArrayList.java:1511)
at org.testng.TestRunner.privateRun(TestRunner.java:794)
at org.testng.TestRunner.run(TestRunner.java:596)
at org.testng.SuiteRunner.runTest(SuiteRunner.java:377)
at org.testng.SuiteRunner.runSequentially(SuiteRunner.java:371)
at org.testng.SuiteRunner.privateRun(SuiteRunner.java:332)
at org.testng.SuiteRunner.run(SuiteRunner.java:276)
at org.testng.SuiteRunnerWorker.runSuite(SuiteRunnerWorker.java:53)
at org.testng.SuiteRunnerWorker.run(SuiteRunnerWorker.java:96)
at org.testng.TestNG.runSuitesSequentially(TestNG.java:1212)
at org.testng.TestNG.runSuitesLocally(TestNG.java:1134)
at org.testng.TestNG.runSuites(TestNG.java:1063)
at org.testng.TestNG.run(TestNG.java:1031)
at org.testng.remote.AbstractRemoteTestNG.run(AbstractRemoteTestNG.java:115)
at org.testng.remote.RemoteTestNG.initAndRun(RemoteTestNG.java:251)
at org.testng.remote.RemoteTestNG.main(RemoteTestNG.java:77)
]]>
            </full-stacktrace>
          </exception> <!-- java.lang.IllegalArgumentException -->
          <reporter-output>
          </reporter-output>
        </test-method> <!-- runScenario -->
        <test-method is-config="true" signature="tearDownClass()[pri:0, instance:Runner.TestApplication@909217e]" started-at="2023-05-09T15:42:10 AST" name="tearDownClass" finished-at="2023-05-09T15:42:11 AST" duration-ms="1429" status="PASS">
          <reporter-output>
          </reporter-output>
        </test-method> <!-- tearDownClass -->
      </class> <!-- Runner.TestApplication -->
    </test> <!-- Default test -->
  </suite> <!-- Default suite -->
</testng-results>
