<?xml version="1.0" encoding="UTF-8"?>
<testng-results ignored="0" total="2" passed="2" failed="0" skipped="0">
  <reporter-output>
  </reporter-output>
  <suite started-at="2023-07-06T17:45:49 IST" name="Default suite" finished-at="2023-07-06T17:48:38 IST" duration-ms="168736">
    <groups>
      <group name="cucumber">
        <method signature="AbstractTestNGCucumberTests.runScenario(io.cucumber.testng.PickleWrapper,io.cucumber.testng.FeatureWrapper)[pri:0, instance:Runner.TestApplication@909217e]" name="runScenario" class="io.cucumber.testng.AbstractTestNGCucumberTests"/>
      </group> <!-- cucumber -->
    </groups>
    <test started-at="2023-07-06T17:45:49 IST" name="Default test" finished-at="2023-07-06T17:48:38 IST" duration-ms="168736">
      <class name="Runner.TestApplication">
        <test-method is-config="true" signature="setUpClass()[pri:0, instance:Runner.TestApplication@909217e]" started-at="2023-07-06T17:45:49 IST" name="setUpClass" finished-at="2023-07-06T17:45:52 IST" duration-ms="2205" status="PASS">
          <reporter-output>
          </reporter-output>
        </test-method> <!-- setUpClass -->
        <test-method signature="runScenario(io.cucumber.testng.PickleWrapper,io.cucumber.testng.FeatureWrapper)[pri:0, instance:Runner.TestApplication@909217e]" started-at="2023-07-06T17:45:52 IST" name="runScenario" description="Runs Cucumber Scenarios" data-provider="scenarios" finished-at="2023-07-06T17:47:04 IST" duration-ms="72796" status="PASS">
          <params>
            <param index="0">
              <value>
                <![CDATA["To check whether the account is save when CIF and alert flag uncheck and from GL to GL"]]>
              </value>
            </param>
            <param index="1">
              <value>
                <![CDATA["Optional[Saving the accounts when the range is by CIF and the alert flag is not checked/ From GL to GL]"]]>
              </value>
            </param>
          </params>
          <reporter-output>
          </reporter-output>
        </test-method> <!-- runScenario -->
        <test-method signature="runScenario(io.cucumber.testng.PickleWrapper,io.cucumber.testng.FeatureWrapper)[pri:0, instance:Runner.TestApplication@909217e]" started-at="2023-07-06T17:47:04 IST" name="runScenario" description="Runs Cucumber Scenarios" data-provider="scenarios" finished-at="2023-07-06T17:48:05 IST" duration-ms="60227" status="PASS">
          <params>
            <param index="0">
              <value>
                <![CDATA["To check whether the account is save when CIF and alert flag uncheck and from CIF to CIF"]]>
              </value>
            </param>
            <param index="1">
              <value>
                <![CDATA["Optional[Saving the accounts when the range is by CIF and the alert flag is not checked/ From GL to GL]"]]>
              </value>
            </param>
          </params>
          <reporter-output>
          </reporter-output>
        </test-method> <!-- runScenario -->
        <test-method is-config="true" signature="tearDownClass()[pri:0, instance:Runner.TestApplication@909217e]" started-at="2023-07-06T17:48:05 IST" name="tearDownClass" finished-at="2023-07-06T17:48:38 IST" duration-ms="33396" status="PASS">
          <reporter-output>
          </reporter-output>
        </test-method> <!-- tearDownClass -->
      </class> <!-- Runner.TestApplication -->
    </test> <!-- Default test -->
  </suite> <!-- Default suite -->
</testng-results>
