<?xml version="1.0" encoding="UTF-8"?>
<!-- Generated by org.testng.reporters.JUnitReportReporter -->
<testsuite hostname="DESKTOP-PSK9T3X" failures="0" tests="1" name="Runner.TestApplication" time="122.729" errors="1" timestamp="2023-05-25T18:23:37 IST" skipped="0">
  <testcase classname="Runner.TestApplication" name="runScenario" time="122.729">
    <error message="element click intercepted: Element &lt;input type=&quot;text&quot; autocomplete=&quot;off&quot; name=&quot;trxMgntCO.ctstrsVO.AMOUNT&quot; class=&quot;path-theme-cust-input textCompSize ui-state-focus ui-corner-all&quot; value=&quot;&quot; id=&quot;amount_D001MT&quot; style=&quot;width:100px&quot; mode=&quot;number&quot; nbformat=&quot;#,##0.000&quot; noformat=&quot;false&quot; decimalsepa=&quot;.&quot; groupsepa=&quot;,&quot; maxvalue=&quot;999999999999.999&quot; maxlenbeforedec=&quot;12&quot; required=&quot;true&quot; afterdepevent=&quot;trxMgntAfterAmountDependency&quot; initialvalue=&quot;&quot; prevvalue=&quot;&quot; fieldaudit=&quot;1&quot; dependency=&quot;@JS_VAR_amountDependency_D001MT,@JS_VAR_chargesCommonDep_D001MT,remittance_fr_num_D001MT:trxMgntCO.ctstrsVO.REMITTANCE_FR_NUM,cyPurchaseSaleBehavior_D001MT:trxMgntCO.cyPurchaseSaleBehavior,@JS_VAR_breakDepositDep_D001MT,lookuptxt_treasury_ref_no_D001MT:trxMgntCO.ctstrsExtendedVO.TREASURY_REFERENCE_NO&quot; dependencysrc=&quot;/imal_core_portal_imal145_qc_o18/path/trxMgnt/TrxMgntDependencies_dependencyByAmount&quot; parameters=&quot;trxMgntCO.ctstrsVO.BENEF_BANK:lookuptxt_benef_bank_D001MT,trxMgntCO.multiTrsNo:multi_trs_no_D001MT,@JS_VAR_amountParams_D001MT,@JS_VAR_chargesCommonParams_D001MT,trxMgntCO.ctstrsExtendedVO.CY_PURCHASE_SALE:cy_purchaseSale_D001MT,trxMgntCO.ctstrsExtendedVO.TRX_DETAILS:trx_details_D001MT,trxMgntCO.ctstrsExtendedVO.NEGOTIATED_RATE:nego_exchange_rate_D001MT,trxMgntCO.availAmount:avail_am_D001MT,trxMgntCO.ctsCircularDefVO.AUTH_CEILING_CV_AMNT:auth_ceiling_circular_D001MT,trxMgntCO.ctsTrsExchClientDetVO.AUTHORIZATION_CEILING:auth_ceiling_D001MT,trxMgntCO.ctstrsVO.TRS_AC_CY:trs_ac_cy_D001MT,trxMgntCO.ctstrsVO.TRS_AC_CIF:trs_ac_cif_D001MT,trxMgntCO.ctstrsVO.TO_TRS_AC_CY:to_trs_ac_cy_D001MT,trxMgntCO.ctstrsVO.TO_TRS_AC_CIF:to_trs_ac_cif_D001MT,trxMgntCO.ctstrsVO.TRS_CY:lookuptxt_trs_cy_D001MT,trxMgntCO.ctstrxtypeVO.TYPE:type_D001MT,trxMgntCO.ctstrxtypeVO.CR_DR_FOREX:cr_dr_forex_D001MT,trxMgntCO.proceedWithCyPurchaseSale:proceedWithCyPurchaseSale_D001MT,trxMgntCO.ctstrsVO.VOID_REASON:holdReason_D001MT,trxMgntCO.ctstrsExtendedVO.TREASURY_REFERENCE_NO:lookuptxt_treasury_ref_no_D001MT&quot; overridelabeltext=&quot;Amount&quot; overridelabelkey=&quot;Amount_key&quot; title=&quot;Amount&quot;&gt; is not clickable at point (933, 522). Other element would receive the click: &lt;div style=&quot;display: block; width: 360px; height: 153px; overflow: auto;&quot;&gt;...&lt;/div&gt;
  (Session info: chrome=113.0.5672.127)
Build info: version: &#039;4.8.1&#039;, revision: &#039;8ebccac989&#039;
System info: os.name: &#039;Windows 10&#039;, os.arch: &#039;amd64&#039;, os.version: &#039;10.0&#039;, java.version: &#039;17.0.7&#039;
Driver info: org.openqa.selenium.chrome.ChromeDriver
Command: [711a80bb5bbff766d4fc3b04e1f6e3ed, clickElement {id=61B5F0FBE0849A9950666E567555A960_element_878}]
Capabilities {acceptInsecureCerts: false, browserName: chrome, browserVersion: 113.0.5672.127, chrome: {chromedriverVersion: 113.0.5672.63 (0e1a4471d5ae..., userDataDir: C:\Users\ININDC~1\AppData\L...}, goog:chromeOptions: {debuggerAddress: localhost:56578}, networkConnectionEnabled: false, pageLoadStrategy: normal, platformName: WINDOWS, proxy: Proxy(), se:cdp: ws://localhost:56578/devtoo..., se:cdpVersion: 113.0.5672.127, setWindowRect: true, strictFileInteractability: false, timeouts: {implicit: 0, pageLoad: 300000, script: 30000}, unhandledPromptBehavior: dismiss and notify, webauthn:extension:credBlob: true, webauthn:extension:largeBlob: true, webauthn:extension:minPinLength: true, webauthn:extension:prf: true, webauthn:virtualAuthenticators: true}
Element: [[ChromeDriver: chrome on WINDOWS (711a80bb5bbff766d4fc3b04e1f6e3ed)] -&gt; xpath: //input[@id=&#039;amount_D001MT&#039;]]
Session ID: 711a80bb5bbff766d4fc3b04e1f6e3ed" type="org.openqa.selenium.ElementClickInterceptedException">
      <![CDATA[org.openqa.selenium.ElementClickInterceptedException: element click intercepted: Element <input type="text" autocomplete="off" name="trxMgntCO.ctstrsVO.AMOUNT" class="path-theme-cust-input textCompSize ui-state-focus ui-corner-all" value="" id="amount_D001MT" style="width:100px" mode="number" nbformat="#,##0.000" noformat="false" decimalsepa="." groupsepa="," maxvalue="999999999999.999" maxlenbeforedec="12" required="true" afterdepevent="trxMgntAfterAmountDependency" initialvalue="" prevvalue="" fieldaudit="1" dependency="@JS_VAR_amountDependency_D001MT,@JS_VAR_chargesCommonDep_D001MT,remittance_fr_num_D001MT:trxMgntCO.ctstrsVO.REMITTANCE_FR_NUM,cyPurchaseSaleBehavior_D001MT:trxMgntCO.cyPurchaseSaleBehavior,@JS_VAR_breakDepositDep_D001MT,lookuptxt_treasury_ref_no_D001MT:trxMgntCO.ctstrsExtendedVO.TREASURY_REFERENCE_NO" dependencysrc="/imal_core_portal_imal145_qc_o18/path/trxMgnt/TrxMgntDependencies_dependencyByAmount" parameters="trxMgntCO.ctstrsVO.BENEF_BANK:lookuptxt_benef_bank_D001MT,trxMgntCO.multiTrsNo:multi_trs_no_D001MT,@JS_VAR_amountParams_D001MT,@JS_VAR_chargesCommonParams_D001MT,trxMgntCO.ctstrsExtendedVO.CY_PURCHASE_SALE:cy_purchaseSale_D001MT,trxMgntCO.ctstrsExtendedVO.TRX_DETAILS:trx_details_D001MT,trxMgntCO.ctstrsExtendedVO.NEGOTIATED_RATE:nego_exchange_rate_D001MT,trxMgntCO.availAmount:avail_am_D001MT,trxMgntCO.ctsCircularDefVO.AUTH_CEILING_CV_AMNT:auth_ceiling_circular_D001MT,trxMgntCO.ctsTrsExchClientDetVO.AUTHORIZATION_CEILING:auth_ceiling_D001MT,trxMgntCO.ctstrsVO.TRS_AC_CY:trs_ac_cy_D001MT,trxMgntCO.ctstrsVO.TRS_AC_CIF:trs_ac_cif_D001MT,trxMgntCO.ctstrsVO.TO_TRS_AC_CY:to_trs_ac_cy_D001MT,trxMgntCO.ctstrsVO.TO_TRS_AC_CIF:to_trs_ac_cif_D001MT,trxMgntCO.ctstrsVO.TRS_CY:lookuptxt_trs_cy_D001MT,trxMgntCO.ctstrxtypeVO.TYPE:type_D001MT,trxMgntCO.ctstrxtypeVO.CR_DR_FOREX:cr_dr_forex_D001MT,trxMgntCO.proceedWithCyPurchaseSale:proceedWithCyPurchaseSale_D001MT,trxMgntCO.ctstrsVO.VOID_REASON:holdReason_D001MT,trxMgntCO.ctstrsExtendedVO.TREASURY_REFERENCE_NO:lookuptxt_treasury_ref_no_D001MT" overridelabeltext="Amount" overridelabelkey="Amount_key" title="Amount"> is not clickable at point (933, 522). Other element would receive the click: <div style="display: block; width: 360px; height: 153px; overflow: auto;">...</div>
  (Session info: chrome=113.0.5672.127)
Build info: version: '4.8.1', revision: '8ebccac989'
System info: os.name: 'Windows 10', os.arch: 'amd64', os.version: '10.0', java.version: '17.0.7'
Driver info: org.openqa.selenium.chrome.ChromeDriver
Command: [711a80bb5bbff766d4fc3b04e1f6e3ed, clickElement {id=61B5F0FBE0849A9950666E567555A960_element_878}]
Capabilities {acceptInsecureCerts: false, browserName: chrome, browserVersion: 113.0.5672.127, chrome: {chromedriverVersion: 113.0.5672.63 (0e1a4471d5ae..., userDataDir: C:\Users\ININDC~1\AppData\L...}, goog:chromeOptions: {debuggerAddress: localhost:56578}, networkConnectionEnabled: false, pageLoadStrategy: normal, platformName: WINDOWS, proxy: Proxy(), se:cdp: ws://localhost:56578/devtoo..., se:cdpVersion: 113.0.5672.127, setWindowRect: true, strictFileInteractability: false, timeouts: {implicit: 0, pageLoad: 300000, script: 30000}, unhandledPromptBehavior: dismiss and notify, webauthn:extension:credBlob: true, webauthn:extension:largeBlob: true, webauthn:extension:minPinLength: true, webauthn:extension:prf: true, webauthn:virtualAuthenticators: true}
Element: [[ChromeDriver: chrome on WINDOWS (711a80bb5bbff766d4fc3b04e1f6e3ed)] -> xpath: //input[@id='amount_D001MT']]
Session ID: 711a80bb5bbff766d4fc3b04e1f6e3ed
at java.base/jdk.internal.reflect.NativeConstructorAccessorImpl.newInstance0(Native Method)
at java.base/jdk.internal.reflect.NativeConstructorAccessorImpl.newInstance(NativeConstructorAccessorImpl.java:77)
at java.base/jdk.internal.reflect.DelegatingConstructorAccessorImpl.newInstance(DelegatingConstructorAccessorImpl.java:45)
at java.base/java.lang.reflect.Constructor.newInstanceWithCaller(Constructor.java:499)
at java.base/java.lang.reflect.Constructor.newInstance(Constructor.java:480)
at org.openqa.selenium.remote.codec.w3c.W3CHttpResponseCodec.createException(W3CHttpResponseCodec.java:200)
at org.openqa.selenium.remote.codec.w3c.W3CHttpResponseCodec.decode(W3CHttpResponseCodec.java:133)
at org.openqa.selenium.remote.codec.w3c.W3CHttpResponseCodec.decode(W3CHttpResponseCodec.java:53)
at org.openqa.selenium.remote.HttpCommandExecutor.execute(HttpCommandExecutor.java:184)
at org.openqa.selenium.remote.service.DriverCommandExecutor.invokeExecute(DriverCommandExecutor.java:167)
at org.openqa.selenium.remote.service.DriverCommandExecutor.execute(DriverCommandExecutor.java:142)
at org.openqa.selenium.remote.RemoteWebDriver.execute(RemoteWebDriver.java:543)
at org.openqa.selenium.remote.RemoteWebElement.execute(RemoteWebElement.java:257)
at org.openqa.selenium.remote.RemoteWebElement.click(RemoteWebElement.java:78)
at jdk.internal.reflect.GeneratedMethodAccessor5.invoke(Unknown Source)
at java.base/jdk.internal.reflect.DelegatingMethodAccessorImpl.invoke(DelegatingMethodAccessorImpl.java:43)
at java.base/java.lang.reflect.Method.invoke(Method.java:568)
at org.openqa.selenium.support.pagefactory.internal.LocatingElementHandler.invoke(LocatingElementHandler.java:52)
at jdk.proxy2/jdk.proxy2.$Proxy45.click(Unknown Source)
at helper.ClicksAndActionsHelper.clickOnElement(ClicksAndActionsHelper.java:22)
at stepdefinitions.TransactionStaffAccs_Steps.enter_the_Amount_in_this_checkbox(TransactionStaffAccs_Steps.java:430)
at ✽.Enter the Amount in this Checkbox(file:///C:/Users/inindc00613/eclipse-workspace/CSM_Akthar/src/test/java/features/TransactionsStaffAcc.feature:153)
]]>
    </error>
  </testcase> <!-- runScenario -->
  <system-out/>
</testsuite> <!-- Runner.TestApplication -->
