<?xml version="1.0" encoding="UTF-8"?>
<!-- Generated by org.testng.reporters.JUnitReportReporter -->
<testsuite hostname="DESKTOP-PSK9T3X" failures="0" tests="1" name="Runner.TestApplication" time="70.531" errors="1" timestamp="2023-06-02T10:21:22 IST" skipped="0">
  <testcase classname="Runner.TestApplication" name="runScenario" time="70.531">
    <error message="Cannot invoke &quot;java.util.Map.get(Object)&quot; because &quot;this.testData&quot; is null" type="java.lang.NullPointerException">
      <![CDATA[java.lang.NullPointerException: Cannot invoke "java.util.Map.get(Object)" because "this.testData" is null
at stepdefinitions.TransactionStaffAccs_Steps.enter_the_single_transfer_code_value(TransactionStaffAccs_Steps.java:238)
at ✽.Enter the single transfer Code value(file:///C:/Users/inindc00613/git/repository/CSM_AK/CSM_Akthar/src/test/java/features/TransactionsStaffAcc.feature:316)
]]>
    </error>
  </testcase> <!-- runScenario -->
  <system-out/>
</testsuite> <!-- Runner.TestApplication -->
