<?xml version="1.0" encoding="UTF-8"?>
<!-- Generated by org.testng.reporters.JUnitXMLReporter -->
<testsuite ignored="0" hostname="DESKTOP-PSK9T3U" failures="1" tests="1" name="Default test" time="55.398" errors="0" timestamp="2023-05-17T12:56:28 IST">
  <testcase classname="io.cucumber.testng.AbstractTestNGCucumberTests" name="runScenario" time="40.025">
    <failure type="org.openqa.selenium.ElementClickInterceptedException" message="element click intercepted: Element &amp;lt;input role=&amp;quot;livesearch&amp;quot; type=&amp;quot;text&amp;quot; id=&amp;quot;new_1684308372027_ctstellerPopulateBranchesVO.DESTINATION_BRANCH_CODE_lookuptxt_tab2_GridTbl_Id_E000POMT&amp;quot; class=&amp;quot;liveSearchText liveSearchCompSize ui-widget-content liveSearchInputCorner&amp;quot; name=&amp;quot;lookupTxt_ctstellerPopulateBranchesVO.DESTINATION_BRANCH_CODE&amp;quot; prevvalue=&amp;quot;&amp;quot; value=&amp;quot; &amp;quot; dependency=&amp;quot;branchesvo.BRANCH_CODE:ctstellerPopulateBranchesVO.DESTINATION_BRANCH_CODE_lookuptxt,branchesvo.BRIEF_DESC_ENG:hiddenBranch,BRANCH_STATUS:B_STATUS&amp;quot; dependencysrc=&amp;quot;/imal_csm_params_imal145_qc_o18/path/param/populateTeller/PopulateTellerDependencyAction_dependencyForCtstellerPopulate4&amp;quot; params=&amp;quot;USER_ID:hiddenUserId,destinationBranchCode:ctstellerPopulateBranchesVO.DESTINATION_BRANCH_CODE_lookuptxt,criteria.branchCode:ctstellerPopulateBranchesVO.DESTINATION_BRANCH_CODE_lookuptxt&amp;quot; afterdepevent=&amp;quot;&amp;quot; leadzeros=&amp;quot;&amp;quot; mode=&amp;quot;number&amp;quot; nbformat=&amp;quot;#&amp;quot; colmodel=&amp;quot;[object Object]&amp;quot; maxlength=&amp;quot;4&amp;quot; gridid=&amp;quot;tab2_GridTbl_Id_E000POMT&amp;quot; editrowid=&amp;quot;new_1684308372027&amp;quot; required=&amp;quot;required&amp;quot;&amp;gt; is not clickable at point (368, 433). Other element would receive the click: &amp;lt;div class=&amp;quot;progBarContent&amp;quot; style=&amp;quot;left: 0px;&amp;quot;&amp;gt;...&amp;lt;/div&amp;gt;
  (Session info: chrome=113.0.5672.126)
Build info: version: &amp;apos;4.8.1&amp;apos;, revision: &amp;apos;8ebccac989&amp;apos;
System info: os.name: &amp;apos;Windows 10&amp;apos;, os.arch: &amp;apos;amd64&amp;apos;, os.version: &amp;apos;10.0&amp;apos;, java.version: &amp;apos;19.0.1&amp;apos;
Driver info: org.openqa.selenium.chrome.ChromeDriver
Command: [b637a62622d1904014326bf315f9191d, clickElement {id=02487EB35D135DA6FA8959282856FF22_element_255}]
Capabilities {acceptInsecureCerts: false, browserName: chrome, browserVersion: 113.0.5672.126, chrome: {chromedriverVersion: 113.0.5672.63 (0e1a4471d5ae..., userDataDir: C:\Users\ININDC~1\AppData\L...}, goog:chromeOptions: {debuggerAddress: localhost:50841}, networkConnectionEnabled: false, pageLoadStrategy: normal, platformName: WINDOWS, proxy: Proxy(), se:cdp: ws://localhost:50841/devtoo..., se:cdpVersion: 113.0.5672.126, setWindowRect: true, strictFileInteractability: false, timeouts: {implicit: 0, pageLoad: 300000, script: 30000}, unhandledPromptBehavior: dismiss and notify, webauthn:extension:credBlob: true, webauthn:extension:largeBlob: true, webauthn:extension:minPinLength: true, webauthn:extension:prf: true, webauthn:virtualAuthenticators: true}
Element: [[ChromeDriver: chrome on WINDOWS (b637a62622d1904014326bf315f9191d)] -&amp;gt; xpath: //input[@name=&amp;apos;lookupTxt_ctstellerPopulateBranchesVO.DESTINATION_BRANCH_CODE&amp;apos;]]
Session ID: b637a62622d1904014326bf315f9191d">
      <![CDATA[org.openqa.selenium.ElementClickInterceptedException: element click intercepted: Element <input role="livesearch" type="text" id="new_1684308372027_ctstellerPopulateBranchesVO.DESTINATION_BRANCH_CODE_lookuptxt_tab2_GridTbl_Id_E000POMT" class="liveSearchText liveSearchCompSize ui-widget-content liveSearchInputCorner" name="lookupTxt_ctstellerPopulateBranchesVO.DESTINATION_BRANCH_CODE" prevvalue="" value=" " dependency="branchesvo.BRANCH_CODE:ctstellerPopulateBranchesVO.DESTINATION_BRANCH_CODE_lookuptxt,branchesvo.BRIEF_DESC_ENG:hiddenBranch,BRANCH_STATUS:B_STATUS" dependencysrc="/imal_csm_params_imal145_qc_o18/path/param/populateTeller/PopulateTellerDependencyAction_dependencyForCtstellerPopulate4" params="USER_ID:hiddenUserId,destinationBranchCode:ctstellerPopulateBranchesVO.DESTINATION_BRANCH_CODE_lookuptxt,criteria.branchCode:ctstellerPopulateBranchesVO.DESTINATION_BRANCH_CODE_lookuptxt" afterdepevent="" leadzeros="" mode="number" nbformat="#" colmodel="[object Object]" maxlength="4" gridid="tab2_GridTbl_Id_E000POMT" editrowid="new_1684308372027" required="required"> is not clickable at point (368, 433). Other element would receive the click: <div class="progBarContent" style="left: 0px;">...</div>
  (Session info: chrome=113.0.5672.126)
Build info: version: '4.8.1', revision: '8ebccac989'
System info: os.name: 'Windows 10', os.arch: 'amd64', os.version: '10.0', java.version: '19.0.1'
Driver info: org.openqa.selenium.chrome.ChromeDriver
Command: [b637a62622d1904014326bf315f9191d, clickElement {id=02487EB35D135DA6FA8959282856FF22_element_255}]
Capabilities {acceptInsecureCerts: false, browserName: chrome, browserVersion: 113.0.5672.126, chrome: {chromedriverVersion: 113.0.5672.63 (0e1a4471d5ae..., userDataDir: C:\Users\ININDC~1\AppData\L...}, goog:chromeOptions: {debuggerAddress: localhost:50841}, networkConnectionEnabled: false, pageLoadStrategy: normal, platformName: WINDOWS, proxy: Proxy(), se:cdp: ws://localhost:50841/devtoo..., se:cdpVersion: 113.0.5672.126, setWindowRect: true, strictFileInteractability: false, timeouts: {implicit: 0, pageLoad: 300000, script: 30000}, unhandledPromptBehavior: dismiss and notify, webauthn:extension:credBlob: true, webauthn:extension:largeBlob: true, webauthn:extension:minPinLength: true, webauthn:extension:prf: true, webauthn:virtualAuthenticators: true}
Element: [[ChromeDriver: chrome on WINDOWS (b637a62622d1904014326bf315f9191d)] -> xpath: //input[@name='lookupTxt_ctstellerPopulateBranchesVO.DESTINATION_BRANCH_CODE']]
Session ID: b637a62622d1904014326bf315f9191d
at java.base/jdk.internal.reflect.DirectConstructorHandleAccessor.newInstance(DirectConstructorHandleAccessor.java:67)
at java.base/java.lang.reflect.Constructor.newInstanceWithCaller(Constructor.java:500)
at java.base/java.lang.reflect.Constructor.newInstance(Constructor.java:484)
at org.openqa.selenium.remote.codec.w3c.W3CHttpResponseCodec.createException(W3CHttpResponseCodec.java:200)
at org.openqa.selenium.remote.codec.w3c.W3CHttpResponseCodec.decode(W3CHttpResponseCodec.java:133)
at org.openqa.selenium.remote.codec.w3c.W3CHttpResponseCodec.decode(W3CHttpResponseCodec.java:53)
at org.openqa.selenium.remote.HttpCommandExecutor.execute(HttpCommandExecutor.java:184)
at org.openqa.selenium.remote.service.DriverCommandExecutor.invokeExecute(DriverCommandExecutor.java:167)
at org.openqa.selenium.remote.service.DriverCommandExecutor.execute(DriverCommandExecutor.java:142)
at org.openqa.selenium.remote.RemoteWebDriver.execute(RemoteWebDriver.java:543)
at org.openqa.selenium.remote.RemoteWebElement.execute(RemoteWebElement.java:257)
at org.openqa.selenium.remote.RemoteWebElement.click(RemoteWebElement.java:78)
at java.base/jdk.internal.reflect.DirectMethodHandleAccessor.invoke(DirectMethodHandleAccessor.java:104)
at java.base/java.lang.reflect.Method.invoke(Method.java:578)
at org.openqa.selenium.support.pagefactory.internal.LocatingElementHandler.invoke(LocatingElementHandler.java:52)
at jdk.proxy2/jdk.proxy2.$Proxy45.click(Unknown Source)
at helper.ClicksAndActionsHelper.clickOnElement(ClicksAndActionsHelper.java:22)
at stepdefinitions.CSM_TransactionOnStaffAccount_Steps.user_click_and_enter_the_value_in_branch_code_field(CSM_TransactionOnStaffAccount_Steps.java:137)
at ✽.user click and enter the value in branch code field(file:///C:/Users/ININDC00071/git/CSM_Application_Gowri/AzentioAutomationFramework_CSM_Gowri/src/test/java/features/CSM_Transaction_On_Staff_Account.feature:18)
]]>
    </failure>
  </testcase> <!-- runScenario -->
</testsuite> <!-- Default test -->
