<?xml version="1.0" encoding="UTF-8"?>
<!-- Generated by org.testng.reporters.JUnitXMLReporter -->
<testsuite ignored="0" hostname="DESKTOP-PSK9T3U" failures="1" tests="1" name="Default test" time="41.551" errors="0" timestamp="2023-05-29T12:36:11 IST">
  <testcase classname="io.cucumber.testng.AbstractTestNGCucumberTests" name="runScenario" time="33.914">
    <failure type="java.lang.NullPointerException" message="Cannot invoke &amp;quot;java.util.Map.get(Object)&amp;quot; because &amp;quot;this.testData&amp;quot; is null">
      <![CDATA[java.lang.NullPointerException: Cannot invoke "java.util.Map.get(Object)" because "this.testData" is null
at stepdefinitions.CSM_ChequeBookRequest_Screen.user_enter_the_value_in_cheque_code_under_submit_screen(CSM_ChequeBookRequest_Screen.java:601)
at ✽.user enter the value in cheque code under submit screen(file:///C:/Users/ININDC00071/git/CSM_Application_Gowri/AzentioAutomationFramework_CSM_Gowri/src/test/java/features/CSM_ChequeBook_Request.feature:96)
]]>
    </failure>
  </testcase> <!-- runScenario -->
</testsuite> <!-- Default test -->
